Using pre-set license

 COMMAND LINE ARGUMENTS:
/Applications/Unity/Unity.app/Contents/MacOS/Unity
-adb2
-batchMode
-noUpm
-name
AssetImportWorker0
-projectPath
/Users/jackduncan/Desktop/Unity Projects/MyProject3d
-logFile
Logs/AssetImportWorker0.log
-srvPort
57143
Successfully changed project path to: /Users/jackduncan/Desktop/Unity Projects/MyProject3d
/Users/jackduncan/Desktop/Unity Projects/MyProject3d
Using Asset Import Pipeline V2.
Refreshing native plugins compatible for Editor in 177.11 ms, found 4 plugins.
Preloading 0 native plugins for Editor in 0.00 ms.
Initialize engine version: 2020.3.9f1 (108be757e447)
[Subsystems] Discovering subsystems at path /Applications/Unity/Unity.app/Contents/Resources/UnitySubsystems
[Subsystems] Discovering subsystems at path /Users/jackduncan/Desktop/Unity Projects/MyProject3d/Assets
GfxDevice: creating device client; threaded=0
2023-08-16 13:57:26.107 Unity[79661:22251573] (null) preferred device: Apple M2 (high power)
2023-08-16 13:57:26.107 Unity[79661:22251573] Metal devices available: 1
2023-08-16 13:57:26.107 Unity[79661:22251573] 0: Apple M2 (high power)
2023-08-16 13:57:26.107 Unity[79661:22251573] Using device Apple M2 (high power)
Initializing Metal device caps: Apple M2
Initialize mono
Mono path[0] = '/Applications/Unity/Unity.app/Contents/Managed'
Mono path[1] = '/Applications/Unity/Unity.app/Contents/MonoBleedingEdge/lib/mono/unityjit'
Mono config path = '/Applications/Unity/Unity.app/Contents/MonoBleedingEdge/etc'
Using monoOptions --debugger-agent=transport=dt_socket,embedding=1,server=y,suspend=n,address=127.0.0.1:56661
Begin MonoManager ReloadAssembly
Registering precompiled unity dll's ...
Register platform support module: /Applications/Unity/Unity.app/Contents/PlaybackEngines/MacStandaloneSupport/UnityEditor.OSXStandalone.Extensions.dll
Trying to register platform support module: /Applications/Unity/PlaybackEngines/WindowsStandaloneSupport/UnityEditor.WindowsStandalone.Extensions.dll (that doesn't exist). Retrying without overrides.
Platform support module is not available: /Applications/Unity/PlaybackEngines/WindowsStandaloneSupport/UnityEditor.WindowsStandalone.Extensions.dll
Registered in 0.001427 seconds.
Native extension for OSXStandalone target not found
Refreshing native plugins compatible for Editor in 53.56 ms, found 4 plugins.
Preloading 0 native plugins for Editor in 0.00 ms.
Mono: successfully reloaded assembly
- Completed reload, in  1.927 seconds
Platform modules already initialized, skipping
Registering precompiled user dll's ...
Registered in 0.019441 seconds.
Begin MonoManager ReloadAssembly
Native extension for OSXStandalone target not found
Refreshing native plugins compatible for Editor in 57.14 ms, found 4 plugins.
Preloading 0 native plugins for Editor in 0.00 ms.
System.NullReferenceException: Object reference not set to an instance of an object
  at ZEPETO.World.Editor.WorldEditorSettings.IsZaizai () [0x00016] in <e1455cf8d85049bf9d42b7f2d307fb10>:0 
  at ZEPETO.World.Editor.WorldEditorSettings.SelectDevelopment () [0x00001] in <e1455cf8d85049bf9d42b7f2d307fb10>:0 
  at ZEPETO.World.Editor.WorldEditorSettings.get_Development () [0x00011] in <e1455cf8d85049bf9d42b7f2d307fb10>:0 
  at ZEPETO.World.Editor.WorldEditorSettings.get_BuiltinSettings () [0x00000] in <e1455cf8d85049bf9d42b7f2d307fb10>:0 
  at ZEPETO.World.Editor.WorldEditorSettings.get_ActiveSetting () [0x00027] in <e1455cf8d85049bf9d42b7f2d307fb10>:0 
  at ZEPETO.World.Common.APIHostEditor..ctor () [0x00006] in <1a219a6a8cd249cba8ce1420b658e55e>:0 
  at ZEPETO.World.Common.APIHostInitializer..cctor () [0x00000] in <1a219a6a8cd249cba8ce1420b658e55e>:0 
UnityEngine.StackTraceUtility:ExtractStackTrace () (at /Users/bokken/buildslave/unity/build/Runtime/Export/Scripting/StackTrace.cs:37)
UnityEngine.DebugLogHandler:LogFormat (UnityEngine.LogType,UnityEngine.Object,string,object[])
UnityEngine.Logger:Log (UnityEngine.LogType,object)
UnityEngine.Debug:LogError (object)
UnityEditor.EditorAssemblies:ProcessInitializeOnLoadAttributes (System.Type[]) (at /Users/bokken/buildslave/unity/build/Editor/Mono/EditorAssemblies.cs:118)

(Filename: /Users/bokken/buildslave/unity/build/Runtime/Export/Scripting/StackTrace.cs Line: 37)

NullReferenceException: Object reference not set to an instance of an object
  at ZEPETO.World.Editor.WorldEditorSettings.IsZaizai () [0x00016] in <e1455cf8d85049bf9d42b7f2d307fb10>:0 
  at ZEPETO.World.Editor.WorldEditorSettings.SelectDevelopment () [0x00001] in <e1455cf8d85049bf9d42b7f2d307fb10>:0 
  at ZEPETO.World.Editor.WorldEditorSettings.get_Development () [0x00011] in <e1455cf8d85049bf9d42b7f2d307fb10>:0 
  at ZEPETO.World.Editor.WorldEnvironmentInitializer.MultiplaySettingInitialize () [0x00001] in <1f78292bfa504ccb88df21fa5a5a1627>:0 
  at ZEPETO.World.Editor.WorldEnvironmentInitializer.InitializeOnLoadMethod () [0x00001] in <1f78292bfa504ccb88df21fa5a5a1627>:0 

NullReferenceException: Object reference not set to an instance of an object
  at ZEPETO.World.Editor.WorldEditorSettings.IsZaizai () [0x00016] in <e1455cf8d85049bf9d42b7f2d307fb10>:0 
  at ZEPETO.World.Editor.WorldEditorSettings.SelectDevelopment () [0x00001] in <e1455cf8d85049bf9d42b7f2d307fb10>:0 
  at ZEPETO.World.Editor.WorldEditorSettings.get_Development () [0x00011] in <e1455cf8d85049bf9d42b7f2d307fb10>:0 
  at ZEPETO.World.Editor.WorldEditorSettings.get_BuiltinSettings () [0x00000] in <e1455cf8d85049bf9d42b7f2d307fb10>:0 
  at ZEPETO.World.Editor.WorldEditorSettings.get_ActiveSetting () [0x00027] in <e1455cf8d85049bf9d42b7f2d307fb10>:0 
  at ZEPETO.World.Editor.ForbiddenTypes.LoadForbiddenTypes () [0x0000d] in <1f78292bfa504ccb88df21fa5a5a1627>:0 
  at ZEPETO.World.Editor.ForbiddenTypes.Initialize () [0x00052] in <1f78292bfa504ccb88df21fa5a5a1627>:0 

NullReferenceException: Object reference not set to an instance of an object
  at ZEPETO.World.Editor.WorldPackageEditorUtils.GetDeserializedWorldPackageInfo () [0x00016] in <1f78292bfa504ccb88df21fa5a5a1627>:0 
  at ZEPETO.World.Editor.WorldPackageEditorUtils.GetFieldValue[T] (System.String field) [0x00001] in <1f78292bfa504ccb88df21fa5a5a1627>:0 
  at ZEPETO.World.Editor.WorldPackageEditorUtils.get_ZepetoMinVersion () [0x00000] in <1f78292bfa504ccb88df21fa5a5a1627>:0 
  at ZEPETO.World.Editor.Editor.WorldEditorInitializer.EditorInitializer () [0x00001] in <1f78292bfa504ccb88df21fa5a5a1627>:0 

Mono: successfully reloaded assembly
- Completed reload, in  1.885 seconds
Platform modules already initialized, skipping
========================================================================
Worker process is ready to serve import requests
Launching external process: /Applications/Unity/Unity.app/Contents/Tools/UnityShaderCompiler
Launched and connected shader compiler UnityShaderCompiler after 0.60 seconds
Refreshing native plugins compatible for Editor in 1.32 ms, found 4 plugins.
Preloading 0 native plugins for Editor in 0.00 ms.
Unloading 2471 Unused Serialized files (Serialized files now loaded: 0)
System memory in use before: 185.9 MB.
System memory in use after: 180.2 MB.

Unloading 168 unused Assets to reduce memory usage. Loaded Objects now: 2952.
Total: 11.111834 ms (FindLiveObjects: 0.421792 ms CreateObjectMapping: 0.054541 ms MarkObjects: 7.299500 ms  DeleteObjects: 3.335292 ms)

========================================================================
Received Import Request.
  path: Assets/Scripts/Main.ts
  artifactKey: Guid(46208f3d7e6eb4e6984d8e3c634a80a2) Importer(815301076,1909f56bfc062723c751e8b465ee728b)
Start importing Assets/Scripts/Main.ts using Guid(46208f3d7e6eb4e6984d8e3c634a80a2) Importer(815301076,1909f56bfc062723c751e8b465ee728b)  -> (artifact id: '19b1536b1b8132f634211192184f8f92') in 0.302536 seconds
  Import took 0.309563 seconds .

========================================================================
Received Prepare
Registering precompiled user dll's ...
Registered in 0.017846 seconds.
Begin MonoManager ReloadAssembly
Native extension for OSXStandalone target not found
Refreshing native plugins compatible for Editor in 3.91 ms, found 4 plugins.
Preloading 0 native plugins for Editor in 0.00 ms.
System.NullReferenceException: Object reference not set to an instance of an object
  at ZEPETO.World.Editor.WorldEditorSettings.IsZaizai () [0x00016] in <e1455cf8d85049bf9d42b7f2d307fb10>:0 
  at ZEPETO.World.Editor.WorldEditorSettings.SelectDevelopment () [0x00001] in <e1455cf8d85049bf9d42b7f2d307fb10>:0 
  at ZEPETO.World.Editor.WorldEditorSettings.get_Development () [0x00011] in <e1455cf8d85049bf9d42b7f2d307fb10>:0 
  at ZEPETO.World.Editor.WorldEditorSettings.get_BuiltinSettings () [0x00000] in <e1455cf8d85049bf9d42b7f2d307fb10>:0 
  at ZEPETO.World.Editor.WorldEditorSettings.get_ActiveSetting () [0x00027] in <e1455cf8d85049bf9d42b7f2d307fb10>:0 
  at ZEPETO.World.Common.APIHostEditor..ctor () [0x00006] in <1a219a6a8cd249cba8ce1420b658e55e>:0 
  at ZEPETO.World.Common.APIHostInitializer..cctor () [0x00000] in <1a219a6a8cd249cba8ce1420b658e55e>:0 
UnityEngine.StackTraceUtility:ExtractStackTrace () (at /Users/bokken/buildslave/unity/build/Runtime/Export/Scripting/StackTrace.cs:37)
UnityEngine.DebugLogHandler:LogFormat (UnityEngine.LogType,UnityEngine.Object,string,object[])
UnityEngine.Logger:Log (UnityEngine.LogType,object)
UnityEngine.Debug:LogError (object)
UnityEditor.EditorAssemblies:ProcessInitializeOnLoadAttributes (System.Type[]) (at /Users/bokken/buildslave/unity/build/Editor/Mono/EditorAssemblies.cs:118)

(Filename: /Users/bokken/buildslave/unity/build/Runtime/Export/Scripting/StackTrace.cs Line: 37)

NullReferenceException: Object reference not set to an instance of an object
  at ZEPETO.World.Editor.WorldEditorSettings.IsZaizai () [0x00016] in <e1455cf8d85049bf9d42b7f2d307fb10>:0 
  at ZEPETO.World.Editor.WorldEditorSettings.SelectDevelopment () [0x00001] in <e1455cf8d85049bf9d42b7f2d307fb10>:0 
  at ZEPETO.World.Editor.WorldEditorSettings.get_Development () [0x00011] in <e1455cf8d85049bf9d42b7f2d307fb10>:0 
  at ZEPETO.World.Editor.WorldEnvironmentInitializer.MultiplaySettingInitialize () [0x00001] in <1f78292bfa504ccb88df21fa5a5a1627>:0 
  at ZEPETO.World.Editor.WorldEnvironmentInitializer.InitializeOnLoadMethod () [0x00001] in <1f78292bfa504ccb88df21fa5a5a1627>:0 

NullReferenceException: Object reference not set to an instance of an object
  at ZEPETO.World.Editor.WorldEditorSettings.IsZaizai () [0x00016] in <e1455cf8d85049bf9d42b7f2d307fb10>:0 
  at ZEPETO.World.Editor.WorldEditorSettings.SelectDevelopment () [0x00001] in <e1455cf8d85049bf9d42b7f2d307fb10>:0 
  at ZEPETO.World.Editor.WorldEditorSettings.get_Development () [0x00011] in <e1455cf8d85049bf9d42b7f2d307fb10>:0 
  at ZEPETO.World.Editor.WorldEditorSettings.get_BuiltinSettings () [0x00000] in <e1455cf8d85049bf9d42b7f2d307fb10>:0 
  at ZEPETO.World.Editor.WorldEditorSettings.get_ActiveSetting () [0x00027] in <e1455cf8d85049bf9d42b7f2d307fb10>:0 
  at ZEPETO.World.Editor.ForbiddenTypes.LoadForbiddenTypes () [0x0000d] in <1f78292bfa504ccb88df21fa5a5a1627>:0 
  at ZEPETO.World.Editor.ForbiddenTypes.Initialize () [0x00052] in <1f78292bfa504ccb88df21fa5a5a1627>:0 

NullReferenceException: Object reference not set to an instance of an object
  at ZEPETO.World.Editor.WorldPackageEditorUtils.GetDeserializedWorldPackageInfo () [0x00016] in <1f78292bfa504ccb88df21fa5a5a1627>:0 
  at ZEPETO.World.Editor.WorldPackageEditorUtils.GetFieldValue[T] (System.String field) [0x00001] in <1f78292bfa504ccb88df21fa5a5a1627>:0 
  at ZEPETO.World.Editor.WorldPackageEditorUtils.get_ZepetoMinVersion () [0x00000] in <1f78292bfa504ccb88df21fa5a5a1627>:0 
  at ZEPETO.World.Editor.Editor.WorldEditorInitializer.EditorInitializer () [0x00001] in <1f78292bfa504ccb88df21fa5a5a1627>:0 

Mono: successfully reloaded assembly
- Completed reload, in  2.702 seconds
Platform modules already initialized, skipping
Refreshing native plugins compatible for Editor in 0.97 ms, found 4 plugins.
Preloading 0 native plugins for Editor in 0.00 ms.
Unloading 2434 Unused Serialized files (Serialized files now loaded: 0)
System memory in use before: 260.3 MB.
System memory in use after: 254.6 MB.

Unloading 158 unused Assets to reduce memory usage. Loaded Objects now: 2955.
Total: 8.343958 ms (FindLiveObjects: 0.274625 ms CreateObjectMapping: 0.090041 ms MarkObjects: 5.196750 ms  DeleteObjects: 2.782083 ms)

========================================================================
Received Prepare
Refreshing native plugins compatible for Editor in 30.30 ms, found 4 plugins.
Preloading 0 native plugins for Editor in 0.00 ms.
Unloading 156 Unused Serialized files (Serialized files now loaded: 0)
System memory in use before: 206.9 MB.
System memory in use after: 201.2 MB.

Unloading 156 unused Assets to reduce memory usage. Loaded Objects now: 2955.
Total: 41.278292 ms (FindLiveObjects: 0.456959 ms CreateObjectMapping: 0.044875 ms MarkObjects: 37.305292 ms  DeleteObjects: 3.468500 ms)

========================================================================
Received Prepare
Refreshing native plugins compatible for Editor in 15.12 ms, found 4 plugins.
Preloading 0 native plugins for Editor in 0.00 ms.
Unloading 156 Unused Serialized files (Serialized files now loaded: 0)
System memory in use before: 206.9 MB.
System memory in use after: 201.3 MB.

Unloading 156 unused Assets to reduce memory usage. Loaded Objects now: 2955.
Total: 12.061708 ms (FindLiveObjects: 0.434083 ms CreateObjectMapping: 0.210542 ms MarkObjects: 7.620583 ms  DeleteObjects: 3.795666 ms)

========================================================================
Received Prepare
Refreshing native plugins compatible for Editor in 11.41 ms, found 4 plugins.
Preloading 0 native plugins for Editor in 0.00 ms.
Unloading 156 Unused Serialized files (Serialized files now loaded: 0)
System memory in use before: 207.1 MB.
System memory in use after: 201.4 MB.

Unloading 156 unused Assets to reduce memory usage. Loaded Objects now: 2955.
Total: 27.239459 ms (FindLiveObjects: 0.650416 ms CreateObjectMapping: 0.063792 ms MarkObjects: 22.320750 ms  DeleteObjects: 4.201958 ms)

========================================================================
Received Prepare
Refreshing native plugins compatible for Editor in 9.97 ms, found 4 plugins.
Preloading 0 native plugins for Editor in 0.00 ms.
Unloading 156 Unused Serialized files (Serialized files now loaded: 0)
System memory in use before: 207.2 MB.
System memory in use after: 201.5 MB.

Unloading 156 unused Assets to reduce memory usage. Loaded Objects now: 2955.
Total: 7.832916 ms (FindLiveObjects: 0.170333 ms CreateObjectMapping: 0.042042 ms MarkObjects: 4.521958 ms  DeleteObjects: 3.098083 ms)

========================================================================
Received Prepare
Refreshing native plugins compatible for Editor in 10.16 ms, found 4 plugins.
Preloading 0 native plugins for Editor in 0.00 ms.
Unloading 156 Unused Serialized files (Serialized files now loaded: 0)
System memory in use before: 210.5 MB.
System memory in use after: 204.7 MB.

Unloading 156 unused Assets to reduce memory usage. Loaded Objects now: 2955.
Total: 22.770834 ms (FindLiveObjects: 0.656958 ms CreateObjectMapping: 0.047250 ms MarkObjects: 18.334292 ms  DeleteObjects: 3.731708 ms)

========================================================================
Received Prepare
Refreshing native plugins compatible for Editor in 9.54 ms, found 4 plugins.
Preloading 0 native plugins for Editor in 0.00 ms.
Unloading 156 Unused Serialized files (Serialized files now loaded: 0)
System memory in use before: 205.2 MB.
System memory in use after: 199.5 MB.

Unloading 156 unused Assets to reduce memory usage. Loaded Objects now: 2955.
Total: 7.805250 ms (FindLiveObjects: 0.563375 ms CreateObjectMapping: 0.043042 ms MarkObjects: 3.565625 ms  DeleteObjects: 3.631541 ms)

========================================================================
Received Prepare
Registering precompiled user dll's ...
Registered in 0.020643 seconds.
Begin MonoManager ReloadAssembly
Native extension for OSXStandalone target not found
Refreshing native plugins compatible for Editor in 1.44 ms, found 4 plugins.
Preloading 0 native plugins for Editor in 0.00 ms.
System.NullReferenceException: Object reference not set to an instance of an object
  at ZEPETO.World.Editor.WorldEditorSettings.IsZaizai () [0x00016] in <e1455cf8d85049bf9d42b7f2d307fb10>:0 
  at ZEPETO.World.Editor.WorldEditorSettings.SelectDevelopment () [0x00001] in <e1455cf8d85049bf9d42b7f2d307fb10>:0 
  at ZEPETO.World.Editor.WorldEditorSettings.get_Development () [0x00011] in <e1455cf8d85049bf9d42b7f2d307fb10>:0 
  at ZEPETO.World.Editor.WorldEditorSettings.get_BuiltinSettings () [0x00000] in <e1455cf8d85049bf9d42b7f2d307fb10>:0 
  at ZEPETO.World.Editor.WorldEditorSettings.get_ActiveSetting () [0x00027] in <e1455cf8d85049bf9d42b7f2d307fb10>:0 
  at ZEPETO.World.Common.APIHostEditor..ctor () [0x00006] in <1a219a6a8cd249cba8ce1420b658e55e>:0 
  at ZEPETO.World.Common.APIHostInitializer..cctor () [0x00000] in <1a219a6a8cd249cba8ce1420b658e55e>:0 
UnityEngine.StackTraceUtility:ExtractStackTrace () (at /Users/bokken/buildslave/unity/build/Runtime/Export/Scripting/StackTrace.cs:37)
UnityEngine.DebugLogHandler:LogFormat (UnityEngine.LogType,UnityEngine.Object,string,object[])
UnityEngine.Logger:Log (UnityEngine.LogType,object)
UnityEngine.Debug:LogError (object)
UnityEditor.EditorAssemblies:ProcessInitializeOnLoadAttributes (System.Type[]) (at /Users/bokken/buildslave/unity/build/Editor/Mono/EditorAssemblies.cs:118)

(Filename: /Users/bokken/buildslave/unity/build/Runtime/Export/Scripting/StackTrace.cs Line: 37)

NullReferenceException: Object reference not set to an instance of an object
  at ZEPETO.World.Editor.WorldEditorSettings.IsZaizai () [0x00016] in <e1455cf8d85049bf9d42b7f2d307fb10>:0 
  at ZEPETO.World.Editor.WorldEditorSettings.SelectDevelopment () [0x00001] in <e1455cf8d85049bf9d42b7f2d307fb10>:0 
  at ZEPETO.World.Editor.WorldEditorSettings.get_Development () [0x00011] in <e1455cf8d85049bf9d42b7f2d307fb10>:0 
  at ZEPETO.World.Editor.WorldEnvironmentInitializer.MultiplaySettingInitialize () [0x00001] in <1f78292bfa504ccb88df21fa5a5a1627>:0 
  at ZEPETO.World.Editor.WorldEnvironmentInitializer.InitializeOnLoadMethod () [0x00001] in <1f78292bfa504ccb88df21fa5a5a1627>:0 

NullReferenceException: Object reference not set to an instance of an object
  at ZEPETO.World.Editor.WorldEditorSettings.IsZaizai () [0x00016] in <e1455cf8d85049bf9d42b7f2d307fb10>:0 
  at ZEPETO.World.Editor.WorldEditorSettings.SelectDevelopment () [0x00001] in <e1455cf8d85049bf9d42b7f2d307fb10>:0 
  at ZEPETO.World.Editor.WorldEditorSettings.get_Development () [0x00011] in <e1455cf8d85049bf9d42b7f2d307fb10>:0 
  at ZEPETO.World.Editor.WorldEditorSettings.get_BuiltinSettings () [0x00000] in <e1455cf8d85049bf9d42b7f2d307fb10>:0 
  at ZEPETO.World.Editor.WorldEditorSettings.get_ActiveSetting () [0x00027] in <e1455cf8d85049bf9d42b7f2d307fb10>:0 
  at ZEPETO.World.Editor.ForbiddenTypes.LoadForbiddenTypes () [0x0000d] in <1f78292bfa504ccb88df21fa5a5a1627>:0 
  at ZEPETO.World.Editor.ForbiddenTypes.Initialize () [0x00052] in <1f78292bfa504ccb88df21fa5a5a1627>:0 

NullReferenceException: Object reference not set to an instance of an object
  at ZEPETO.World.Editor.WorldPackageEditorUtils.GetDeserializedWorldPackageInfo () [0x00016] in <1f78292bfa504ccb88df21fa5a5a1627>:0 
  at ZEPETO.World.Editor.WorldPackageEditorUtils.GetFieldValue[T] (System.String field) [0x00001] in <1f78292bfa504ccb88df21fa5a5a1627>:0 
  at ZEPETO.World.Editor.WorldPackageEditorUtils.get_ZepetoMinVersion () [0x00000] in <1f78292bfa504ccb88df21fa5a5a1627>:0 
  at ZEPETO.World.Editor.Editor.WorldEditorInitializer.EditorInitializer () [0x00001] in <1f78292bfa504ccb88df21fa5a5a1627>:0 

Mono: successfully reloaded assembly
- Completed reload, in  2.822 seconds
Platform modules already initialized, skipping
Refreshing native plugins compatible for Editor in 1.29 ms, found 4 plugins.
Preloading 0 native plugins for Editor in 0.00 ms.
Unloading 2434 Unused Serialized files (Serialized files now loaded: 0)
System memory in use before: 248.8 MB.
System memory in use after: 243.1 MB.

Unloading 158 unused Assets to reduce memory usage. Loaded Objects now: 2958.
Total: 9.132625 ms (FindLiveObjects: 0.250041 ms CreateObjectMapping: 0.078209 ms MarkObjects: 5.752500 ms  DeleteObjects: 3.051333 ms)

========================================================================
Received Prepare
Registering precompiled user dll's ...
Registered in 0.019151 seconds.
Begin MonoManager ReloadAssembly
Native extension for OSXStandalone target not found
Refreshing native plugins compatible for Editor in 1.00 ms, found 4 plugins.
Preloading 0 native plugins for Editor in 0.00 ms.
System.NullReferenceException: Object reference not set to an instance of an object
  at ZEPETO.World.Editor.WorldEditorSettings.IsZaizai () [0x00016] in <e1455cf8d85049bf9d42b7f2d307fb10>:0 
  at ZEPETO.World.Editor.WorldEditorSettings.SelectDevelopment () [0x00001] in <e1455cf8d85049bf9d42b7f2d307fb10>:0 
  at ZEPETO.World.Editor.WorldEditorSettings.get_Development () [0x00011] in <e1455cf8d85049bf9d42b7f2d307fb10>:0 
  at ZEPETO.World.Editor.WorldEditorSettings.get_BuiltinSettings () [0x00000] in <e1455cf8d85049bf9d42b7f2d307fb10>:0 
  at ZEPETO.World.Editor.WorldEditorSettings.get_ActiveSetting () [0x00027] in <e1455cf8d85049bf9d42b7f2d307fb10>:0 
  at ZEPETO.World.Common.APIHostEditor..ctor () [0x00006] in <1a219a6a8cd249cba8ce1420b658e55e>:0 
  at ZEPETO.World.Common.APIHostInitializer..cctor () [0x00000] in <1a219a6a8cd249cba8ce1420b658e55e>:0 
UnityEngine.StackTraceUtility:ExtractStackTrace () (at /Users/bokken/buildslave/unity/build/Runtime/Export/Scripting/StackTrace.cs:37)
UnityEngine.DebugLogHandler:LogFormat (UnityEngine.LogType,UnityEngine.Object,string,object[])
UnityEngine.Logger:Log (UnityEngine.LogType,object)
UnityEngine.Debug:LogError (object)
UnityEditor.EditorAssemblies:ProcessInitializeOnLoadAttributes (System.Type[]) (at /Users/bokken/buildslave/unity/build/Editor/Mono/EditorAssemblies.cs:118)

(Filename: /Users/bokken/buildslave/unity/build/Runtime/Export/Scripting/StackTrace.cs Line: 37)

NullReferenceException: Object reference not set to an instance of an object
  at ZEPETO.World.Editor.WorldEditorSettings.IsZaizai () [0x00016] in <e1455cf8d85049bf9d42b7f2d307fb10>:0 
  at ZEPETO.World.Editor.WorldEditorSettings.SelectDevelopment () [0x00001] in <e1455cf8d85049bf9d42b7f2d307fb10>:0 
  at ZEPETO.World.Editor.WorldEditorSettings.get_Development () [0x00011] in <e1455cf8d85049bf9d42b7f2d307fb10>:0 
  at ZEPETO.World.Editor.WorldEnvironmentInitializer.MultiplaySettingInitialize () [0x00001] in <1f78292bfa504ccb88df21fa5a5a1627>:0 
  at ZEPETO.World.Editor.WorldEnvironmentInitializer.InitializeOnLoadMethod () [0x00001] in <1f78292bfa504ccb88df21fa5a5a1627>:0 

NullReferenceException: Object reference not set to an instance of an object
  at ZEPETO.World.Editor.WorldEditorSettings.IsZaizai () [0x00016] in <e1455cf8d85049bf9d42b7f2d307fb10>:0 
  at ZEPETO.World.Editor.WorldEditorSettings.SelectDevelopment () [0x00001] in <e1455cf8d85049bf9d42b7f2d307fb10>:0 
  at ZEPETO.World.Editor.WorldEditorSettings.get_Development () [0x00011] in <e1455cf8d85049bf9d42b7f2d307fb10>:0 
  at ZEPETO.World.Editor.WorldEditorSettings.get_BuiltinSettings () [0x00000] in <e1455cf8d85049bf9d42b7f2d307fb10>:0 
  at ZEPETO.World.Editor.WorldEditorSettings.get_ActiveSetting () [0x00027] in <e1455cf8d85049bf9d42b7f2d307fb10>:0 
  at ZEPETO.World.Editor.ForbiddenTypes.LoadForbiddenTypes () [0x0000d] in <1f78292bfa504ccb88df21fa5a5a1627>:0 
  at ZEPETO.World.Editor.ForbiddenTypes.Initialize () [0x00052] in <1f78292bfa504ccb88df21fa5a5a1627>:0 

NullReferenceException: Object reference not set to an instance of an object
  at ZEPETO.World.Editor.WorldPackageEditorUtils.GetDeserializedWorldPackageInfo () [0x00016] in <1f78292bfa504ccb88df21fa5a5a1627>:0 
  at ZEPETO.World.Editor.WorldPackageEditorUtils.GetFieldValue[T] (System.String field) [0x00001] in <1f78292bfa504ccb88df21fa5a5a1627>:0 
  at ZEPETO.World.Editor.WorldPackageEditorUtils.get_ZepetoMinVersion () [0x00000] in <1f78292bfa504ccb88df21fa5a5a1627>:0 
  at ZEPETO.World.Editor.Editor.WorldEditorInitializer.EditorInitializer () [0x00001] in <1f78292bfa504ccb88df21fa5a5a1627>:0 

Mono: successfully reloaded assembly
- Completed reload, in  2.678 seconds
Platform modules already initialized, skipping
Refreshing native plugins compatible for Editor in 1.08 ms, found 4 plugins.
Preloading 0 native plugins for Editor in 0.00 ms.
Unloading 2434 Unused Serialized files (Serialized files now loaded: 0)
System memory in use before: 247.4 MB.
System memory in use after: 241.7 MB.

Unloading 158 unused Assets to reduce memory usage. Loaded Objects now: 2961.
Total: 11.674583 ms (FindLiveObjects: 0.419000 ms CreateObjectMapping: 0.130042 ms MarkObjects: 7.986541 ms  DeleteObjects: 3.138333 ms)

========================================================================
Received Prepare
Refreshing native plugins compatible for Editor in 28.34 ms, found 4 plugins.
Preloading 0 native plugins for Editor in 0.00 ms.
Unloading 156 Unused Serialized files (Serialized files now loaded: 0)
System memory in use before: 194.1 MB.
System memory in use after: 188.4 MB.

Unloading 156 unused Assets to reduce memory usage. Loaded Objects now: 2961.
Total: 22.259750 ms (FindLiveObjects: 0.685916 ms CreateObjectMapping: 0.055334 ms MarkObjects: 17.751916 ms  DeleteObjects: 3.765208 ms)

========================================================================
Received Prepare
Refreshing native plugins compatible for Editor in 12.12 ms, found 4 plugins.
Preloading 0 native plugins for Editor in 0.00 ms.
Unloading 156 Unused Serialized files (Serialized files now loaded: 0)
System memory in use before: 194.2 MB.
System memory in use after: 188.5 MB.

Unloading 156 unused Assets to reduce memory usage. Loaded Objects now: 2961.
Total: 9.814083 ms (FindLiveObjects: 0.178708 ms CreateObjectMapping: 0.040417 ms MarkObjects: 5.823208 ms  DeleteObjects: 3.770750 ms)

========================================================================
Received Prepare
Refreshing native plugins compatible for Editor in 11.30 ms, found 4 plugins.
Preloading 0 native plugins for Editor in 0.00 ms.
Unloading 156 Unused Serialized files (Serialized files now loaded: 0)
System memory in use before: 194.2 MB.
System memory in use after: 188.6 MB.

Unloading 156 unused Assets to reduce memory usage. Loaded Objects now: 2961.
Total: 22.419667 ms (FindLiveObjects: 0.565375 ms CreateObjectMapping: 0.044083 ms MarkObjects: 17.835917 ms  DeleteObjects: 3.973708 ms)

========================================================================
Received Prepare
Refreshing native plugins compatible for Editor in 9.43 ms, found 4 plugins.
Preloading 0 native plugins for Editor in 0.00 ms.
Unloading 156 Unused Serialized files (Serialized files now loaded: 0)
System memory in use before: 194.4 MB.
System memory in use after: 188.7 MB.

Unloading 156 unused Assets to reduce memory usage. Loaded Objects now: 2961.
Total: 7.572209 ms (FindLiveObjects: 0.186584 ms CreateObjectMapping: 0.042166 ms MarkObjects: 3.612167 ms  DeleteObjects: 3.730708 ms)

========================================================================
Received Prepare
Refreshing native plugins compatible for Editor in 10.70 ms, found 4 plugins.
Preloading 0 native plugins for Editor in 0.00 ms.
Unloading 156 Unused Serialized files (Serialized files now loaded: 0)
System memory in use before: 197.6 MB.
System memory in use after: 191.9 MB.

Unloading 156 unused Assets to reduce memory usage. Loaded Objects now: 2961.
Total: 13.323667 ms (FindLiveObjects: 0.298458 ms CreateObjectMapping: 0.044167 ms MarkObjects: 9.380000 ms  DeleteObjects: 3.600458 ms)

========================================================================
Received Prepare
Refreshing native plugins compatible for Editor in 11.67 ms, found 4 plugins.
Preloading 0 native plugins for Editor in 0.00 ms.
Unloading 156 Unused Serialized files (Serialized files now loaded: 0)
System memory in use before: 192.4 MB.
System memory in use after: 186.7 MB.

Unloading 156 unused Assets to reduce memory usage. Loaded Objects now: 2961.
Total: 7.643334 ms (FindLiveObjects: 0.202375 ms CreateObjectMapping: 0.041042 ms MarkObjects: 3.574833 ms  DeleteObjects: 3.824375 ms)

========================================================================
Received Prepare
Registering precompiled user dll's ...
Registered in 0.023248 seconds.
Begin MonoManager ReloadAssembly
Native extension for OSXStandalone target not found
Refreshing native plugins compatible for Editor in 1.68 ms, found 4 plugins.
Preloading 0 native plugins for Editor in 0.00 ms.
System.NullReferenceException: Object reference not set to an instance of an object
  at ZEPETO.World.Editor.WorldEditorSettings.IsZaizai () [0x00016] in <e1455cf8d85049bf9d42b7f2d307fb10>:0 
  at ZEPETO.World.Editor.WorldEditorSettings.SelectDevelopment () [0x00001] in <e1455cf8d85049bf9d42b7f2d307fb10>:0 
  at ZEPETO.World.Editor.WorldEditorSettings.get_Development () [0x00011] in <e1455cf8d85049bf9d42b7f2d307fb10>:0 
  at ZEPETO.World.Editor.WorldEditorSettings.get_BuiltinSettings () [0x00000] in <e1455cf8d85049bf9d42b7f2d307fb10>:0 
  at ZEPETO.World.Editor.WorldEditorSettings.get_ActiveSetting () [0x00027] in <e1455cf8d85049bf9d42b7f2d307fb10>:0 
  at ZEPETO.World.Common.APIHostEditor..ctor () [0x00006] in <1a219a6a8cd249cba8ce1420b658e55e>:0 
  at ZEPETO.World.Common.APIHostInitializer..cctor () [0x00000] in <1a219a6a8cd249cba8ce1420b658e55e>:0 
UnityEngine.StackTraceUtility:ExtractStackTrace () (at /Users/bokken/buildslave/unity/build/Runtime/Export/Scripting/StackTrace.cs:37)
UnityEngine.DebugLogHandler:LogFormat (UnityEngine.LogType,UnityEngine.Object,string,object[])
UnityEngine.Logger:Log (UnityEngine.LogType,object)
UnityEngine.Debug:LogError (object)
UnityEditor.EditorAssemblies:ProcessInitializeOnLoadAttributes (System.Type[]) (at /Users/bokken/buildslave/unity/build/Editor/Mono/EditorAssemblies.cs:118)

(Filename: /Users/bokken/buildslave/unity/build/Runtime/Export/Scripting/StackTrace.cs Line: 37)

NullReferenceException: Object reference not set to an instance of an object
  at ZEPETO.World.Editor.WorldEditorSettings.IsZaizai () [0x00016] in <e1455cf8d85049bf9d42b7f2d307fb10>:0 
  at ZEPETO.World.Editor.WorldEditorSettings.SelectDevelopment () [0x00001] in <e1455cf8d85049bf9d42b7f2d307fb10>:0 
  at ZEPETO.World.Editor.WorldEditorSettings.get_Development () [0x00011] in <e1455cf8d85049bf9d42b7f2d307fb10>:0 
  at ZEPETO.World.Editor.WorldEnvironmentInitializer.MultiplaySettingInitialize () [0x00001] in <1f78292bfa504ccb88df21fa5a5a1627>:0 
  at ZEPETO.World.Editor.WorldEnvironmentInitializer.InitializeOnLoadMethod () [0x00001] in <1f78292bfa504ccb88df21fa5a5a1627>:0 

NullReferenceException: Object reference not set to an instance of an object
  at ZEPETO.World.Editor.WorldEditorSettings.IsZaizai () [0x00016] in <e1455cf8d85049bf9d42b7f2d307fb10>:0 
  at ZEPETO.World.Editor.WorldEditorSettings.SelectDevelopment () [0x00001] in <e1455cf8d85049bf9d42b7f2d307fb10>:0 
  at ZEPETO.World.Editor.WorldEditorSettings.get_Development () [0x00011] in <e1455cf8d85049bf9d42b7f2d307fb10>:0 
  at ZEPETO.World.Editor.WorldEditorSettings.get_BuiltinSettings () [0x00000] in <e1455cf8d85049bf9d42b7f2d307fb10>:0 
  at ZEPETO.World.Editor.WorldEditorSettings.get_ActiveSetting () [0x00027] in <e1455cf8d85049bf9d42b7f2d307fb10>:0 
  at ZEPETO.World.Editor.ForbiddenTypes.LoadForbiddenTypes () [0x0000d] in <1f78292bfa504ccb88df21fa5a5a1627>:0 
  at ZEPETO.World.Editor.ForbiddenTypes.Initialize () [0x00052] in <1f78292bfa504ccb88df21fa5a5a1627>:0 

NullReferenceException: Object reference not set to an instance of an object
  at ZEPETO.World.Editor.WorldPackageEditorUtils.GetDeserializedWorldPackageInfo () [0x00016] in <1f78292bfa504ccb88df21fa5a5a1627>:0 
  at ZEPETO.World.Editor.WorldPackageEditorUtils.GetFieldValue[T] (System.String field) [0x00001] in <1f78292bfa504ccb88df21fa5a5a1627>:0 
  at ZEPETO.World.Editor.WorldPackageEditorUtils.get_ZepetoMinVersion () [0x00000] in <1f78292bfa504ccb88df21fa5a5a1627>:0 
  at ZEPETO.World.Editor.Editor.WorldEditorInitializer.EditorInitializer () [0x00001] in <1f78292bfa504ccb88df21fa5a5a1627>:0 

Mono: successfully reloaded assembly
- Completed reload, in  2.611 seconds
Platform modules already initialized, skipping
Refreshing native plugins compatible for Editor in 1.03 ms, found 4 plugins.
Preloading 0 native plugins for Editor in 0.00 ms.
Unloading 2434 Unused Serialized files (Serialized files now loaded: 0)
System memory in use before: 236.0 MB.
System memory in use after: 230.3 MB.

Unloading 158 unused Assets to reduce memory usage. Loaded Objects now: 2964.
Total: 6.970083 ms (FindLiveObjects: 0.220416 ms CreateObjectMapping: 0.078375 ms MarkObjects: 3.538375 ms  DeleteObjects: 3.132458 ms)

========================================================================
Received Prepare
Refreshing native plugins compatible for Editor in 11.25 ms, found 4 plugins.
Preloading 0 native plugins for Editor in 0.00 ms.
Unloading 156 Unused Serialized files (Serialized files now loaded: 0)
System memory in use before: 182.7 MB.
System memory in use after: 176.9 MB.

Unloading 156 unused Assets to reduce memory usage. Loaded Objects now: 2964.
Total: 49.613375 ms (FindLiveObjects: 0.733667 ms CreateObjectMapping: 0.053500 ms MarkObjects: 44.774917 ms  DeleteObjects: 4.050583 ms)

========================================================================
Received Prepare
Refreshing native plugins compatible for Editor in 8.72 ms, found 4 plugins.
Preloading 0 native plugins for Editor in 0.00 ms.
Unloading 156 Unused Serialized files (Serialized files now loaded: 0)
System memory in use before: 182.7 MB.
System memory in use after: 177.0 MB.

Unloading 156 unused Assets to reduce memory usage. Loaded Objects now: 2964.
Total: 9.049459 ms (FindLiveObjects: 0.175334 ms CreateObjectMapping: 0.037666 ms MarkObjects: 5.558667 ms  DeleteObjects: 3.277292 ms)

========================================================================
Received Prepare
Refreshing native plugins compatible for Editor in 9.75 ms, found 4 plugins.
Preloading 0 native plugins for Editor in 0.00 ms.
Unloading 156 Unused Serialized files (Serialized files now loaded: 0)
System memory in use before: 182.8 MB.
System memory in use after: 177.1 MB.

Unloading 156 unused Assets to reduce memory usage. Loaded Objects now: 2964.
Total: 24.121917 ms (FindLiveObjects: 0.337167 ms CreateObjectMapping: 0.040416 ms MarkObjects: 19.923250 ms  DeleteObjects: 3.820208 ms)

========================================================================
Received Prepare
Refreshing native plugins compatible for Editor in 13.98 ms, found 4 plugins.
Preloading 0 native plugins for Editor in 0.00 ms.
Unloading 156 Unused Serialized files (Serialized files now loaded: 0)
System memory in use before: 183.0 MB.
System memory in use after: 177.2 MB.

Unloading 156 unused Assets to reduce memory usage. Loaded Objects now: 2964.
Total: 10.881667 ms (FindLiveObjects: 0.190125 ms CreateObjectMapping: 0.042584 ms MarkObjects: 6.791084 ms  DeleteObjects: 3.857375 ms)

========================================================================
Received Prepare
Refreshing native plugins compatible for Editor in 11.26 ms, found 4 plugins.
Preloading 0 native plugins for Editor in 0.00 ms.
Unloading 156 Unused Serialized files (Serialized files now loaded: 0)
System memory in use before: 186.2 MB.
System memory in use after: 180.5 MB.

Unloading 156 unused Assets to reduce memory usage. Loaded Objects now: 2964.
Total: 14.497875 ms (FindLiveObjects: 0.344083 ms CreateObjectMapping: 0.043583 ms MarkObjects: 10.407125 ms  DeleteObjects: 3.702417 ms)

========================================================================
Received Prepare
Refreshing native plugins compatible for Editor in 8.86 ms, found 4 plugins.
Preloading 0 native plugins for Editor in 0.00 ms.
Unloading 156 Unused Serialized files (Serialized files now loaded: 0)
System memory in use before: 181.0 MB.
System memory in use after: 175.3 MB.

Unloading 156 unused Assets to reduce memory usage. Loaded Objects now: 2964.
Total: 9.699709 ms (FindLiveObjects: 0.190000 ms CreateObjectMapping: 0.042250 ms MarkObjects: 5.588458 ms  DeleteObjects: 3.878375 ms)

========================================================================
Received Prepare
Refreshing native plugins compatible for Editor in 16.80 ms, found 4 plugins.
Preloading 0 native plugins for Editor in 0.00 ms.
Unloading 156 Unused Serialized files (Serialized files now loaded: 0)
System memory in use before: 175.7 MB.
System memory in use after: 170.0 MB.

Unloading 156 unused Assets to reduce memory usage. Loaded Objects now: 2964.
Total: 22.554209 ms (FindLiveObjects: 0.858375 ms CreateObjectMapping: 0.044959 ms MarkObjects: 15.973833 ms  DeleteObjects: 5.676167 ms)

========================================================================
Received Prepare
Refreshing native plugins compatible for Editor in 9.77 ms, found 4 plugins.
Preloading 0 native plugins for Editor in 0.00 ms.
Unloading 156 Unused Serialized files (Serialized files now loaded: 0)
System memory in use before: 170.5 MB.
System memory in use after: 164.8 MB.

Unloading 156 unused Assets to reduce memory usage. Loaded Objects now: 2964.
Total: 8.500792 ms (FindLiveObjects: 0.229750 ms CreateObjectMapping: 0.043459 ms MarkObjects: 4.363833 ms  DeleteObjects: 3.863000 ms)

========================================================================
Received Prepare
Registering precompiled user dll's ...
Registered in 0.016756 seconds.
Begin MonoManager ReloadAssembly
Native extension for OSXStandalone target not found
Refreshing native plugins compatible for Editor in 2.14 ms, found 4 plugins.
Preloading 0 native plugins for Editor in 0.00 ms.
System.NullReferenceException: Object reference not set to an instance of an object
  at ZEPETO.World.Editor.WorldEditorSettings.IsZaizai () [0x00016] in <e1455cf8d85049bf9d42b7f2d307fb10>:0 
  at ZEPETO.World.Editor.WorldEditorSettings.SelectDevelopment () [0x00001] in <e1455cf8d85049bf9d42b7f2d307fb10>:0 
  at ZEPETO.World.Editor.WorldEditorSettings.get_Development () [0x00011] in <e1455cf8d85049bf9d42b7f2d307fb10>:0 
  at ZEPETO.World.Editor.WorldEditorSettings.get_BuiltinSettings () [0x00000] in <e1455cf8d85049bf9d42b7f2d307fb10>:0 
  at ZEPETO.World.Editor.WorldEditorSettings.get_ActiveSetting () [0x00027] in <e1455cf8d85049bf9d42b7f2d307fb10>:0 
  at ZEPETO.World.Common.APIHostEditor..ctor () [0x00006] in <1a219a6a8cd249cba8ce1420b658e55e>:0 
  at ZEPETO.World.Common.APIHostInitializer..cctor () [0x00000] in <1a219a6a8cd249cba8ce1420b658e55e>:0 
UnityEngine.StackTraceUtility:ExtractStackTrace () (at /Users/bokken/buildslave/unity/build/Runtime/Export/Scripting/StackTrace.cs:37)
UnityEngine.DebugLogHandler:LogFormat (UnityEngine.LogType,UnityEngine.Object,string,object[])
UnityEngine.Logger:Log (UnityEngine.LogType,object)
UnityEngine.Debug:LogError (object)
UnityEditor.EditorAssemblies:ProcessInitializeOnLoadAttributes (System.Type[]) (at /Users/bokken/buildslave/unity/build/Editor/Mono/EditorAssemblies.cs:118)

(Filename: /Users/bokken/buildslave/unity/build/Runtime/Export/Scripting/StackTrace.cs Line: 37)

NullReferenceException: Object reference not set to an instance of an object
  at ZEPETO.World.Editor.WorldEditorSettings.IsZaizai () [0x00016] in <e1455cf8d85049bf9d42b7f2d307fb10>:0 
  at ZEPETO.World.Editor.WorldEditorSettings.SelectDevelopment () [0x00001] in <e1455cf8d85049bf9d42b7f2d307fb10>:0 
  at ZEPETO.World.Editor.WorldEditorSettings.get_Development () [0x00011] in <e1455cf8d85049bf9d42b7f2d307fb10>:0 
  at ZEPETO.World.Editor.WorldEnvironmentInitializer.MultiplaySettingInitialize () [0x00001] in <1f78292bfa504ccb88df21fa5a5a1627>:0 
  at ZEPETO.World.Editor.WorldEnvironmentInitializer.InitializeOnLoadMethod () [0x00001] in <1f78292bfa504ccb88df21fa5a5a1627>:0 

NullReferenceException: Object reference not set to an instance of an object
  at ZEPETO.World.Editor.WorldEditorSettings.IsZaizai () [0x00016] in <e1455cf8d85049bf9d42b7f2d307fb10>:0 
  at ZEPETO.World.Editor.WorldEditorSettings.SelectDevelopment () [0x00001] in <e1455cf8d85049bf9d42b7f2d307fb10>:0 
  at ZEPETO.World.Editor.WorldEditorSettings.get_Development () [0x00011] in <e1455cf8d85049bf9d42b7f2d307fb10>:0 
  at ZEPETO.World.Editor.WorldEditorSettings.get_BuiltinSettings () [0x00000] in <e1455cf8d85049bf9d42b7f2d307fb10>:0 
  at ZEPETO.World.Editor.WorldEditorSettings.get_ActiveSetting () [0x00027] in <e1455cf8d85049bf9d42b7f2d307fb10>:0 
  at ZEPETO.World.Editor.ForbiddenTypes.LoadForbiddenTypes () [0x0000d] in <1f78292bfa504ccb88df21fa5a5a1627>:0 
  at ZEPETO.World.Editor.ForbiddenTypes.Initialize () [0x00052] in <1f78292bfa504ccb88df21fa5a5a1627>:0 

NullReferenceException: Object reference not set to an instance of an object
  at ZEPETO.World.Editor.WorldPackageEditorUtils.GetDeserializedWorldPackageInfo () [0x00016] in <1f78292bfa504ccb88df21fa5a5a1627>:0 
  at ZEPETO.World.Editor.WorldPackageEditorUtils.GetFieldValue[T] (System.String field) [0x00001] in <1f78292bfa504ccb88df21fa5a5a1627>:0 
  at ZEPETO.World.Editor.WorldPackageEditorUtils.get_ZepetoMinVersion () [0x00000] in <1f78292bfa504ccb88df21fa5a5a1627>:0 
  at ZEPETO.World.Editor.Editor.WorldEditorInitializer.EditorInitializer () [0x00001] in <1f78292bfa504ccb88df21fa5a5a1627>:0 

Mono: successfully reloaded assembly
- Completed reload, in  3.018 seconds
Platform modules already initialized, skipping
Refreshing native plugins compatible for Editor in 2.03 ms, found 4 plugins.
Preloading 0 native plugins for Editor in 0.00 ms.
Unloading 2434 Unused Serialized files (Serialized files now loaded: 0)
System memory in use before: 214.0 MB.
System memory in use after: 208.3 MB.

Unloading 158 unused Assets to reduce memory usage. Loaded Objects now: 2967.
Total: 26.643125 ms (FindLiveObjects: 0.946708 ms CreateObjectMapping: 0.119625 ms MarkObjects: 19.524333 ms  DeleteObjects: 6.048042 ms)

